<?xml version="1.0" encoding="UTF-8"?>
<!-- Generated by org.testng.reporters.JUnitReportReporter -->
<testsuite hostname="RAO" failures="0" tests="1" name="BDD_cucumber.BDD_cucumber.AppTest" time="0.003" errors="0" timestamp="2024-02-13T16:26:18 IST" skipped="0">
  <testcase classname="BDD_cucumber.BDD_cucumber.AppTest" name="testApp" time="0.003"/>
</testsuite> <!-- BDD_cucumber.BDD_cucumber.AppTest -->
